Traceback (most recent call last):
  File "/usr/local/python/3.12.1/lib/python3.12/site-packages/jupyter_cache/executors/utils.py", line 58, in single_nb_execution
    executenb(
  File "/home/codespace/.local/lib/python3.12/site-packages/nbclient/client.py", line 1314, in execute
    return NotebookClient(nb=nb, resources=resources, km=km, **kwargs).execute()
           ^^^^^^^^^^^^^^^^^^^^^^^^^^^^^^^^^^^^^^^^^^^^^^^^^^^^^^^^^^^^^^^^^^^^^
  File "/home/codespace/.local/lib/python3.12/site-packages/jupyter_core/utils/__init__.py", line 165, in wrapped
    return loop.run_until_complete(inner)
           ^^^^^^^^^^^^^^^^^^^^^^^^^^^^^^
  File "/usr/local/python/3.12.1/lib/python3.12/asyncio/base_events.py", line 684, in run_until_complete
    return future.result()
           ^^^^^^^^^^^^^^^
  File "/home/codespace/.local/lib/python3.12/site-packages/nbclient/client.py", line 709, in async_execute
    await self.async_execute_cell(
  File "/home/codespace/.local/lib/python3.12/site-packages/nbclient/client.py", line 1062, in async_execute_cell
    await self._check_raise_for_error(cell, cell_index, exec_reply)
  File "/home/codespace/.local/lib/python3.12/site-packages/nbclient/client.py", line 918, in _check_raise_for_error
    raise CellExecutionError.from_cell_and_msg(cell, exec_reply_content)
nbclient.exceptions.CellExecutionError: An error occurred while executing the following cell:
------------------
from sklearn.neighbors import KNeighborsClassifier

# Melatih model
knn_model = KNeighborsClassifier(n_neighbors=5)
knn_model.fit(X_train, y_train)

# Prediksi
knn_preds = knn_model.predict(X_test)

# Evaluasi
print("Model: K-Nearest Neighbors (K=5)")
print("Akurasi:", accuracy_score(y_test, knn_preds))
print("Classification Report:")
print(classification_report(y_test, knn_preds))

# Confusion Matrix
cm = confusion_matrix(y_test, knn_preds)
sns.heatmap(cm, annot=True, fmt='d', cmap='Greens')
plt.title("Confusion Matrix - KNN")
plt.xlabel("Predicted")
plt.ylabel("Actual")
plt.show()

------------------

----- stdout -----
Model: K-Nearest Neighbors (K=5)
Akurasi: 0.8961038961038961
Classification Report:
              precision    recall  f1-score   support

         0.0       0.89      0.98      0.93        55
         1.0       0.94      0.68      0.79        22

    accuracy                           0.90        77
   macro avg       0.91      0.83      0.86        77
weighted avg       0.90      0.90      0.89        77
------------------

[0;31m---------------------------------------------------------------------------[0m
[0;31mNameError[0m                                 Traceback (most recent call last)
Cell [0;32mIn[11], line 17[0m
[1;32m     14[0m [38;5;28mprint[39m(classification_report(y_test, knn_preds))
[1;32m     16[0m [38;5;66;03m# Confusion Matrix[39;00m
[0;32m---> 17[0m cm [38;5;241m=[39m [43mconfusion_matrix[49m(y_test, knn_preds)
[1;32m     18[0m sns[38;5;241m.[39mheatmap(cm, annot[38;5;241m=[39m[38;5;28;01mTrue[39;00m, fmt[38;5;241m=[39m[38;5;124m'[39m[38;5;124md[39m[38;5;124m'[39m, cmap[38;5;241m=[39m[38;5;124m'[39m[38;5;124mGreens[39m[38;5;124m'[39m)
[1;32m     19[0m plt[38;5;241m.[39mtitle([38;5;124m"[39m[38;5;124mConfusion Matrix - KNN[39m[38;5;124m"[39m)

[0;31mNameError[0m: name 'confusion_matrix' is not defined

